[01:44:26] [ServerMain/INFO]: [bootstrap] Running Java 21 (OpenJDK 64-Bit Server VM 21.0.9+10-Ubuntu-124.04; Ubuntu null) on Linux 6.8.0-1030-azure (amd64)
[01:44:26] [ServerMain/INFO]: [bootstrap] Loading Paper 1.21.11-99-main@81b9122 (2026-01-20T19:08:30Z) for Minecraft 1.21.11
[01:44:26] [ServerMain/INFO]: [PluginInitializerManager] Initializing plugins...
[01:44:27] [ServerMain/INFO]: [PluginInitializerManager] Initialized 4 plugins
[01:44:27] [ServerMain/INFO]: [PluginInitializerManager] Bukkit plugins (4):
 - Geyser-Spigot (2.9.2-SNAPSHOT), ViaBackwards (5.7.1), ViaVersion (5.7.0), floodgate (2.2.5-SNAPSHOT (b126-096c605))
[01:44:33] [ServerMain/INFO]: Environment: Environment[sessionHost=https://sessionserver.mojang.com, servicesHost=https://api.minecraftservices.com, profilesHost=https://api.mojang.com, name=PROD]
[01:44:35] [ServerMain/INFO]: Loaded 1470 recipes
[01:44:35] [ServerMain/INFO]: Loaded 1584 advancements
[01:44:35] [ServerMain/INFO]: [ca.spottedleaf.dataconverter.minecraft.datatypes.MCTypeRegistry] Initialising converters for DataConverter...
[01:44:36] [ServerMain/INFO]: [ca.spottedleaf.dataconverter.minecraft.datatypes.MCTypeRegistry] Finished initialising converters for DataConverter in 425.0ms
[01:44:36] [Server thread/INFO]: Starting minecraft server version 1.21.11
[01:44:36] [Server thread/INFO]: Loading properties
[01:44:36] [Server thread/INFO]: This server is running Paper version 1.21.11-99-main@81b9122 (2026-01-20T19:08:30Z) (Implementing API version 1.21.11-R0.1-SNAPSHOT)
[01:44:36] [Server thread/INFO]: [spark] This server bundles the spark profiler. For more information please visit https://docs.papermc.io/paper/profiling
[01:44:36] [Server thread/INFO]: Server Ping Player Sample Count: 12
[01:44:36] [Server thread/INFO]: Using 4 threads for Netty based IO
[01:44:37] [Server thread/INFO]: [MoonriseCommon] Paper is using 1 worker threads, 1 I/O threads
[01:44:37] [Server thread/INFO]: Default game type: SURVIVAL
[01:44:37] [Server thread/INFO]: Generating keypair
[01:44:37] [Server thread/INFO]: Starting Minecraft server on *:25565
[01:44:37] [Server thread/INFO]: Paper: Using libdeflate (Linux x86_64) compression from Velocity.
[01:44:37] [Server thread/INFO]: Paper: Using OpenSSL 3.x.x (Linux x86_64) cipher from Velocity.
[01:44:38] [Server thread/INFO]: [ViaVersion] Loading server plugin ViaVersion v5.7.0
[01:44:38] [Server thread/INFO]: [ViaVersion] ViaVersion 5.7.0 is now loaded. Registering protocol transformers and injecting...
[01:44:38] [Via-Mappingloader-1/INFO]: [ViaVersion] Loading block connection mappings ...
[01:44:39] [Via-Mappingloader-1/INFO]: [ViaVersion] Using FastUtil Long2ObjectOpenHashMap for block connections
[01:44:39] [Server thread/ERROR]: [ViaBackwards] ================================
[01:44:39] [Server thread/ERROR]: [ViaBackwards] YOUR VIAVERSION IS OUTDATED (you are running 5.7.0)
[01:44:39] [Server thread/ERROR]: [ViaBackwards] PLEASE USE VIAVERSION 5.7.1 OR NEWER
[01:44:39] [Server thread/ERROR]: [ViaBackwards] LINK: https://ci.viaversion.com/
[01:44:39] [Server thread/ERROR]: [ViaBackwards] VIABACKWARDS WILL NOW DISABLE
[01:44:39] [Server thread/ERROR]: [ViaBackwards] ================================
[01:44:39] [Server thread/INFO]: [floodgate] Loading server plugin floodgate v2.2.5-SNAPSHOT (b126-096c605)
[01:44:40] [Server thread/WARN]: [floodgate] en_ is not a supported Floodgate language.
[01:44:40] [Server thread/INFO]: [floodgate] Took 685ms to boot Floodgate
[01:44:40] [Server thread/INFO]: [ViaBackwards] Loading server plugin ViaBackwards v5.7.1
[01:44:40] [Server thread/INFO]: [Geyser-Spigot] Loading server plugin Geyser-Spigot v2.9.2-SNAPSHOT
[01:44:40] [Server thread/INFO]: [Geyser-Spigot] Loading extensions...
[01:44:40] [Server thread/INFO]: [Geyser-Spigot] Loaded 0 extension(s)
[01:44:40] [Server thread/INFO]: Server permissions file permissions.yml is empty, ignoring it
[01:44:40] [Server thread/WARN]: **** SERVER IS RUNNING IN OFFLINE/INSECURE MODE!
[01:44:40] [Server thread/WARN]: The server will make no attempt to authenticate usernames. Beware.
[01:44:40] [Server thread/WARN]: While this makes the game possible to play without internet access, it also opens up the ability for hackers to connect with any username they choose.
[01:44:40] [Server thread/WARN]: To change this, set "online-mode" to "true" in the server.properties file.
[01:44:40] [Server thread/INFO]: Preparing level "world"
[01:44:40] [Server thread/INFO]: [ca.spottedleaf.moonrise.common.util.MoonriseConstants] NUMA enable flag is not set; however there is NUMA interaction support for this OS.
[01:44:40] [Server thread/INFO]: [ca.spottedleaf.moonrise.common.util.MoonriseConstants] Detected 1 NUMA nodes.
[01:44:41] [Server thread/INFO]: Loading 0 persistent chunks for world 'minecraft:overworld'...
[01:44:41] [Server thread/INFO]: Preparing spawn area: 100%
[01:44:41] [Server thread/INFO]: Prepared spawn area in 3 ms
[01:44:41] [Server thread/INFO]: Loading 0 persistent chunks for world 'minecraft:the_nether'...
[01:44:41] [Server thread/INFO]: Prepared spawn area in 0 ms
[01:44:41] [Server thread/INFO]: Loading 0 persistent chunks for world 'minecraft:the_end'...
[01:44:41] [Server thread/INFO]: Prepared spawn area in 2 ms
[01:44:41] [Server thread/INFO]: Done preparing level "world" (0.589s)
[01:44:41] [Server thread/INFO]: [ViaVersion] Enabling ViaVersion v5.7.0
[01:44:41] [Server thread/INFO]: [ViaVersion] ViaVersion detected server version: 1.21.11 (774)
[01:44:41] [Server thread/WARN]: [ViaVersion] ViaVersion does not have any compatible versions for this server version!
[01:44:41] [Server thread/WARN]: [ViaVersion] ViaVersion only supports newer client versions. Use ViaBackwards to allow older versions (ViaRewind for 1.7/1.8) to join.
[01:44:41] [Server thread/WARN]: [ViaVersion] Get setup help at https://viaversion.com/setup or download ViaBackwards/ViaRewind directly at https://ci.viaversion.com/
[01:44:41] [Server thread/WARN]: [ViaVersion] Need more help? Join our Discord at https://viaversion.com/discord
[01:44:41] [Server thread/INFO]: [floodgate] Enabling floodgate v2.2.5-SNAPSHOT (b126-096c605)
[01:44:41] [Server thread/INFO]: [ViaBackwards] Enabling ViaBackwards v5.7.1
[01:44:41] [Server thread/INFO]: [Geyser-Spigot] Enabling Geyser-Spigot v2.9.2-SNAPSHOT
[01:44:43] [Server thread/INFO]: [spark] Starting background profiler...
[01:44:43] [Server thread/INFO]: [Geyser-Spigot] ******************************************
[01:44:43] [Server thread/INFO]: [Geyser-Spigot] 
[01:44:43] [Server thread/INFO]: [Geyser-Spigot] Loading Geyser version 2.9.2-b1049 (git-master-21c1c32)
[01:44:43] [Server thread/INFO]: [Geyser-Spigot] 
[01:44:43] [Server thread/INFO]: [Geyser-Spigot] ******************************************
[01:44:47] [GeyserServer-3-1/INFO]: [Geyser-Spigot] Started Geyser on UDP port 65115
[01:44:47] [Server thread/INFO]: [Geyser-Spigot] Done (3.913s)! Run /geyser help for help!
[01:44:47] [Server thread/INFO]: Running delayed init tasks
[01:44:47] [Server thread/INFO]: Done (21.815s)! For help, type "help"
[01:44:47] [Craft Scheduler Thread - 2 - ViaVersion/INFO]: [ViaVersion] Finished mapping loading, shutting down loader executor.
[01:44:47] [Server thread/WARN]: [ViaVersion] There is a newer plugin version available: 5.7.1, you're on: 5.7.0
[01:44:47] [Paper Async Task Handler Thread - 1/INFO]: *** Currently you are 4 build(s) behind ***
[01:44:47] [Paper Async Task Handler Thread - 1/INFO]: *** It is highly recommended to download the latest build from https://papermc.io/downloads/paper ***
[01:45:08] [GeyserServerChild-4-1/INFO]: [Geyser-Spigot] Player connected with username kassycv (898)
[01:45:08] [localSession-7-2/INFO]: [Geyser-Spigot] kassycv (logged in as: kassycv) has connected to the Java server
[01:45:09] [Server thread/INFO]: [floodgate] Floodgate player logged in as .kassycv joined (UUID: 00000000-0000-0000-0009-01f63c79149a)
[01:45:09] [Server thread/INFO]: .kassycv joined the game
[01:45:09] [Server thread/INFO]: .kassycv[/127.216.144.12:0] logged in with entity id 84 at ([world]-13.898126, 95.5625, 12.08299)
[01:45:21] [User Authenticator #0/INFO]: UUID of player mine1430 is 0cb1bf89-a981-3808-989d-b64350a3bd1f
[01:45:21] [Server thread/INFO]: mine1430 joined the game
[01:45:21] [Server thread/INFO]: mine1430[/127.243.191.180:37365] logged in with entity id 348 at ([world]-14.5, 95.5625, 10.5)
[02:06:09] [Server thread/WARN]: .kassycv moved wrongly!
[02:06:40] [Server thread/INFO]: .kassycv was blown up by Creeper
[02:06:50] [Server thread/INFO]: mine1430 issued server command: /tp .kassycv mine1430
[02:06:50] [Server thread/INFO]: [mine1430: Teleported .kassycv to mine1430]
[02:07:00] [Server thread/INFO]: mine1430 issued server command: /tp .kassycv mine1430
[02:07:00] [Server thread/INFO]: [mine1430: Teleported .kassycv to mine1430]
